Arguments: 
  C:\Program Files\nodejs\node.exe C:\Users\gb_sa\AppData\Roaming\npm\node_modules\yarn\bin\yarn.js add prisma --dev

PATH: 
  C:\Users\gb_sa\bin;C:\Program Files\Git\mingw64\bin;C:\Program Files\Git\usr\local\bin;C:\Program Files\Git\usr\bin;C:\Program Files\Git\usr\bin;C:\Program Files\Git\mingw64\bin;C:\Program Files\Git\usr\bin;C:\Users\gb_sa\bin;C:\Python311\Scripts;C:\Python311;C:\Windows\system32;C:\Windows;C:\Windows\System32\Wbem;C:\Windows\System32\WindowsPowerShell\v1.0;C:\Windows\System32\OpenSSH;C:\Program Files (x86)\NVIDIA Corporation\PhysX\Common;C:\Program Files\NVIDIA Corporation\NVIDIA NvDLISR;C:\Program Files\Git\cmd;C:\ProgramData\chocolatey\bin;C:\WINDOWS\system32;C:\WINDOWS;C:\WINDOWS\System32\Wbem;C:\WINDOWS\System32\WindowsPowerShell\v1.0;C:\WINDOWS\System32\OpenSSH;C:\Program Files\nodejs;C:\Users\gb_sa\AppData\Local\Microsoft\WindowsApps;C:\Users\gb_sa\AppData\Local\Programs\Microsoft VS Code\bin;C:\Users\gb_sa\AppData\Local\spicetify;C:\Program Files\PostgreSQL\15\bin;C:\Users\gb_sa\AppData\Roaming\npm;C:\Program Files\Git\usr\bin\vendor_perl;C:\Program Files\Git\usr\bin\core_perl

Yarn version: 
  1.22.19

Node version: 
  18.16.0

Platform: 
  win32 x64

Trace: 
  Error: connect ETIMEDOUT 2606:4700::6810:1623:443
      at TCPConnectWrap.afterConnect [as oncomplete] (node:net:1494:16)

npm manifest: 
  {
    "name": "server",
    "version": "1.0.0",
    "description": "",
    "main": "index.js",
    "scripts": {
      "dev": "tsx watch src/server.ts",
      "lint": "eslint src --ext .ts --fix"
    },
    "keywords": [],
    "author": "",
    "license": "ISC",
    "devDependencies": {
      "@rocketseat/eslint-config": "^1.2.0",
      "@types/node": "^20.1.5",
      "eslint": "^8.40.0",
      "tsx": "^3.12.7",
      "typescript": "^5.0.4"
    },
    "dependencies": {
      "fastify": "^4.17.0"
    }
  }

yarn manifest: 
  No manifest

Lockfile: 
  No lockfile
